App_Flutter/build/app/intermediates/manifest_merge_blame_file/debug/manifest-merger-blame-debug-report.txt
1<?xml version="1.0" encoding="utf-8"?>
2<manifest xmlns:android="http://schemas.android.com/apk/res/android"
3    package="com.sachkasath"
4    android:versionCode="1"
5    android:versionName="1.0.0" >
6
7    <uses-sdk
8        android:minSdkVersion="21"
9        android:targetSdkVersion="33" />
10    <!--
11         The INTERNET permission is required for development. Specifically,
12         the Flutter tool needs it to communicate with the running application
13         to allow setting breakpoints, to provide hot reload, etc.
14    -->
15    <uses-permission android:name="android.permission.INTERNET" />
15-->src\main\AndroidManifest.xml:4:5-67
15-->src\main\AndroidManifest.xml:4:22-64
16    <uses-permission android:name="android.permission.ACCESS_NETWORK_STATE" />
16-->src\main\AndroidManifest.xml:5:5-79
16-->src\main\AndroidManifest.xml:5:22-76
17    <uses-permission android:name="android.permission.ACCESS_WIFI_STATE" />
17-->src\main\AndroidManifest.xml:6:5-76
17-->src\main\AndroidManifest.xml:6:22-73
18    <uses-permission android:name="com.google.android.gms.permission.AD_ID" />
18-->src\main\AndroidManifest.xml:7:5-79
18-->src\main\AndroidManifest.xml:7:22-76
19    <uses-permission android:name="android.permission.READ_PHONE_STATE" />
19-->src\main\AndroidManifest.xml:8:5-75
19-->src\main\AndroidManifest.xml:8:22-72
20    <uses-permission android:name="android.permission.WRITE_EXTERNAL_STORAGE" />
20-->src\main\AndroidManifest.xml:9:5-81
20-->src\main\AndroidManifest.xml:9:22-78
21    <uses-permission android:name="android.permission.READ_EXTERNAL_STORAGE" />
21-->src\main\AndroidManifest.xml:10:5-80
21-->src\main\AndroidManifest.xml:10:22-77
22    <uses-permission android:name="android.permission.WAKE_LOCK" /> <!-- Permissions options for the `notification` group -->
22-->[:firebase_messaging] AndroidManifest.xml:10:5-68
22-->[:firebase_messaging] AndroidManifest.xml:10:22-65
23    <uses-permission android:name="android.permission.POST_NOTIFICATIONS" />
23-->[:firebase_messaging] AndroidManifest.xml:13:5-77
23-->[:firebase_messaging] AndroidManifest.xml:13:22-74
24    <uses-permission android:name="android.permission.RECEIVE_BOOT_COMPLETED" />
24-->[:flutter_local_notifications] AndroidManifest.xml:9:5-81
24-->[:flutter_local_notifications] AndroidManifest.xml:9:22-78
25    <uses-permission android:name="android.permission.VIBRATE" />
25-->[:flutter_local_notifications] AndroidManifest.xml:10:5-66
25-->[:flutter_local_notifications] AndroidManifest.xml:10:22-63
26    <uses-permission android:name="android.permission.USE_FULL_SCREEN_INTENT" />
26-->[:flutter_local_notifications] AndroidManifest.xml:11:5-81
26-->[:flutter_local_notifications] AndroidManifest.xml:11:22-78
27    <uses-permission android:name="android.permission.SCHEDULE_EXACT_ALARM" />
27-->[:flutter_local_notifications] AndroidManifest.xml:12:5-79
27-->[:flutter_local_notifications] AndroidManifest.xml:12:22-76
28
29    <queries>
29-->[:file_picker] AndroidManifest.xml:11:5-17:15
30        <intent>
30-->[:file_picker] AndroidManifest.xml:12:9-16:18
31            <action android:name="android.intent.action.GET_CONTENT" />
31-->[:file_picker] AndroidManifest.xml:13:13-72
31-->[:file_picker] AndroidManifest.xml:13:21-69
32
33            <data android:mimeType="*/*" />
33-->[:file_picker] AndroidManifest.xml:15:13-44
33-->[:file_picker] AndroidManifest.xml:15:19-41
34        </intent>
35        <intent>
35-->[:flutter_inappwebview] AndroidManifest.xml:10:9-12:18
36            <action android:name="android.support.customtabs.action.CustomTabsService" />
36-->[:flutter_inappwebview] AndroidManifest.xml:11:13-90
36-->[:flutter_inappwebview] AndroidManifest.xml:11:21-87
37        </intent>
38
39        <package android:name="com.facebook.katana" /> <!-- For browser content -->
39-->[com.facebook.android:facebook-common:16.2.0] AndroidManifest.xml:18:9-55
39-->[com.facebook.android:facebook-common:16.2.0] AndroidManifest.xml:18:18-52
40        <intent>
40-->[com.google.android.gms:play-services-ads-lite:21.3.0] AndroidManifest.xml:31:9-37:18
41            <action android:name="android.intent.action.VIEW" />
41-->[com.google.firebase:firebase-auth:22.3.0] AndroidManifest.xml:36:17-69
41-->[com.google.firebase:firebase-auth:22.3.0] AndroidManifest.xml:36:25-66
42
43            <category android:name="android.intent.category.BROWSABLE" />
43-->[com.google.firebase:firebase-auth:22.3.0] AndroidManifest.xml:39:17-78
43-->[com.google.firebase:firebase-auth:22.3.0] AndroidManifest.xml:39:27-75
44
45            <data android:scheme="https" />
45-->[:file_picker] AndroidManifest.xml:15:13-44
46        </intent>
47        <intent>
47-->[androidx.media2:media2-session:1.2.1] AndroidManifest.xml:25:9-27:18
48            <action android:name="android.media.browse.MediaBrowserService" />
48-->[androidx.media2:media2-session:1.2.1] AndroidManifest.xml:26:13-79
48-->[androidx.media2:media2-session:1.2.1] AndroidManifest.xml:26:21-76
49        </intent>
50        <intent>
50-->[androidx.media2:media2-session:1.2.1] AndroidManifest.xml:28:9-30:18
51            <action android:name="androidx.media2.session.MediaSessionService" />
51-->[androidx.media2:media2-session:1.2.1] AndroidManifest.xml:29:13-82
51-->[androidx.media2:media2-session:1.2.1] AndroidManifest.xml:29:21-79
52        </intent>
53        <intent>
53-->[androidx.media2:media2-session:1.2.1] AndroidManifest.xml:31:9-33:18
54            <action android:name="androidx.media2.session.MediaLibraryService" />
54-->[androidx.media2:media2-session:1.2.1] AndroidManifest.xml:32:13-82
54-->[androidx.media2:media2-session:1.2.1] AndroidManifest.xml:32:21-79
55        </intent>
56    </queries>
57
58    <uses-permission android:name="android.permission.ACCESS_COARSE_LOCATION" />
58-->[:location] AndroidManifest.xml:9:5-81
58-->[:location] AndroidManifest.xml:9:22-78
59    <uses-permission android:name="android.permission.ACCESS_FINE_LOCATION" />
59-->[:location] AndroidManifest.xml:10:5-79
59-->[:location] AndroidManifest.xml:10:22-76
60    <uses-permission android:name="android.permission.ACCESS_ADSERVICES_ATTRIBUTION" />
60-->[com.google.android.gms:play-services-measurement-api:21.5.0] AndroidManifest.xml:26:5-88
60-->[com.google.android.gms:play-services-measurement-api:21.5.0] AndroidManifest.xml:26:22-85
61    <uses-permission android:name="android.permission.ACCESS_ADSERVICES_AD_ID" /> <!-- Required by older versions of Google Play services to create IID tokens -->
61-->[com.google.android.gms:play-services-measurement-api:21.5.0] AndroidManifest.xml:27:5-82
61-->[com.google.android.gms:play-services-measurement-api:21.5.0] AndroidManifest.xml:27:22-79
62    <uses-permission android:name="com.google.android.c2dm.permission.RECEIVE" />
62-->[com.google.firebase:firebase-messaging:23.3.1] AndroidManifest.xml:26:5-82
62-->[com.google.firebase:firebase-messaging:23.3.1] AndroidManifest.xml:26:22-79
63    <uses-permission android:name="com.google.android.finsky.permission.BIND_GET_INSTALL_REFERRER_SERVICE" />
63-->[com.google.android.gms:play-services-measurement:21.5.0] AndroidManifest.xml:26:5-110
63-->[com.google.android.gms:play-services-measurement:21.5.0] AndroidManifest.xml:26:22-107
64    <uses-permission android:name="android.permission.FOREGROUND_SERVICE" />
64-->[androidx.work:work-runtime:2.7.0] AndroidManifest.xml:28:5-77
64-->[androidx.work:work-runtime:2.7.0] AndroidManifest.xml:28:22-74
65
66    <permission
66-->[androidx.core:core:1.10.1] AndroidManifest.xml:22:5-24:47
67        android:name="com.sachkasath.DYNAMIC_RECEIVER_NOT_EXPORTED_PERMISSION"
67-->[androidx.core:core:1.10.1] AndroidManifest.xml:23:9-81
68        android:protectionLevel="signature" />
68-->[androidx.core:core:1.10.1] AndroidManifest.xml:24:9-44
69
70    <uses-permission android:name="com.sachkasath.DYNAMIC_RECEIVER_NOT_EXPORTED_PERMISSION" />
70-->[androidx.core:core:1.10.1] AndroidManifest.xml:26:5-97
70-->[androidx.core:core:1.10.1] AndroidManifest.xml:26:22-94
71
72    <application
73        android:name="android.app.Application"
74        android:appComponentFactory="androidx.core.app.CoreComponentFactory"
74-->[androidx.core:core:1.10.1] AndroidManifest.xml:28:18-86
75        android:debuggable="true"
76        android:hardwareAccelerated="true"
76-->[:facebook_audience_network] AndroidManifest.xml:9:18-52
77        android:icon="@mipmap/ic_launcher"
78        android:label="News App"
79        android:requestLegacyExternalStorage="true"
80        android:supportsRtl="true"
80-->[com.facebook.android:facebook-android-sdk:8.2.0] AndroidManifest.xml:28:18-44
81        android:usesCleartextTraffic="true" >
82        <activity
83            android:name="com.sachkasath.MainActivity"
84            android:configChanges="orientation|keyboardHidden|keyboard|screenSize|smallestScreenSize|locale|layoutDirection|fontScale|screenLayout|density|uiMode"
85            android:exported="true"
86            android:hardwareAccelerated="true"
87            android:largeHeap="true"
88            android:launchMode="singleTop"
89            android:theme="@style/LaunchTheme"
90            android:windowSoftInputMode="adjustResize" >
91
92            <!--
93                 Specifies an Android theme to apply to this Activity as soon as
94                 the Android process has started. This theme is visible to the user
95                 while the Flutter UI initializes. After that, this theme continues
96                 to determine the Window background behind the Flutter UI.
97            -->
98            <meta-data
99                android:name="io.flutter.embedding.android.NormalTheme"
100                android:resource="@style/NormalTheme" />
101
102            <intent-filter>
103                <action android:name="android.intent.action.MAIN" />
104
105                <category android:name="android.intent.category.LAUNCHER" />
106            </intent-filter>
107            <intent-filter>
108                <action android:name="FLUTTER_NOTIFICATION_CLICK" />
109
110                <category android:name="android.intent.category.DEFAULT" />
110-->[com.google.firebase:firebase-auth:22.3.0] AndroidManifest.xml:38:17-76
110-->[com.google.firebase:firebase-auth:22.3.0] AndroidManifest.xml:38:27-73
111            </intent-filter>
112            <intent-filter android:autoVerify="true" >
113                <action android:name="android.intent.action.VIEW" />
113-->[com.google.firebase:firebase-auth:22.3.0] AndroidManifest.xml:36:17-69
113-->[com.google.firebase:firebase-auth:22.3.0] AndroidManifest.xml:36:25-66
114
115                <category android:name="android.intent.category.DEFAULT" />
115-->[com.google.firebase:firebase-auth:22.3.0] AndroidManifest.xml:38:17-76
115-->[com.google.firebase:firebase-auth:22.3.0] AndroidManifest.xml:38:27-73
116                <category android:name="android.intent.category.BROWSABLE" />
116-->[com.google.firebase:firebase-auth:22.3.0] AndroidManifest.xml:39:17-78
116-->[com.google.firebase:firebase-auth:22.3.0] AndroidManifest.xml:39:27-75
117
118                <data
118-->[:file_picker] AndroidManifest.xml:15:13-44
119                    android:host="wrteamnews.page.link"
120                    android:scheme="https" />
121                <data
121-->[:file_picker] AndroidManifest.xml:15:13-44
122                    android:host="wrteamnews.page.link"
123                    android:scheme="http" />
124            </intent-filter>
125        </activity>
126        <!--
127             Don't delete the meta-data below.
128             This is used by the Flutter tool to generate GeneratedPluginRegistrant.java
129        -->
130        <meta-data
131            android:name="flutterEmbedding"
132            android:value="2" />
133
134        <!-- facebook login requirement -->
135        <meta-data
136            android:name="com.facebook.sdk.ApplicationId"
137            android:value="@string/facebook_app_id" />
138        <meta-data
139            android:name="com.facebook.sdk.ClientToken"
140            android:value="@string/facebook_client_token" />
141
142        <activity
143            android:name="com.facebook.FacebookActivity"
144            android:configChanges="keyboard|keyboardHidden|screenLayout|screenSize|orientation"
145            android:label="@string/app_name"
146            android:theme="@style/com_facebook_activity_theme" />
146-->[com.facebook.android:facebook-common:16.2.0] AndroidManifest.xml:25:13-63
147        <activity
148            android:name="com.facebook.CustomTabActivity"
149            android:exported="true" >
150            <intent-filter>
151                <action android:name="android.intent.action.VIEW" />
151-->[com.google.firebase:firebase-auth:22.3.0] AndroidManifest.xml:36:17-69
151-->[com.google.firebase:firebase-auth:22.3.0] AndroidManifest.xml:36:25-66
152
153                <category android:name="android.intent.category.DEFAULT" />
153-->[com.google.firebase:firebase-auth:22.3.0] AndroidManifest.xml:38:17-76
153-->[com.google.firebase:firebase-auth:22.3.0] AndroidManifest.xml:38:27-73
154                <category android:name="android.intent.category.BROWSABLE" />
154-->[com.google.firebase:firebase-auth:22.3.0] AndroidManifest.xml:39:17-78
154-->[com.google.firebase:firebase-auth:22.3.0] AndroidManifest.xml:39:27-75
155
156                <data android:scheme="@string/fb_login_protocol_scheme" />
156-->[:file_picker] AndroidManifest.xml:15:13-44
157            </intent-filter>
158            <intent-filter>
158-->[com.facebook.android:facebook-common:16.2.0] AndroidManifest.xml:31:13-40:29
159                <action android:name="android.intent.action.VIEW" />
159-->[com.google.firebase:firebase-auth:22.3.0] AndroidManifest.xml:36:17-69
159-->[com.google.firebase:firebase-auth:22.3.0] AndroidManifest.xml:36:25-66
160
161                <category android:name="android.intent.category.DEFAULT" />
161-->[com.google.firebase:firebase-auth:22.3.0] AndroidManifest.xml:38:17-76
161-->[com.google.firebase:firebase-auth:22.3.0] AndroidManifest.xml:38:27-73
162                <category android:name="android.intent.category.BROWSABLE" />
162-->[com.google.firebase:firebase-auth:22.3.0] AndroidManifest.xml:39:17-78
162-->[com.google.firebase:firebase-auth:22.3.0] AndroidManifest.xml:39:27-75
163
164                <data
164-->[:file_picker] AndroidManifest.xml:15:13-44
165                    android:host="cct.com.sachkasath"
166                    android:scheme="fbconnect" />
167            </intent-filter>
168        </activity>
169
170        <meta-data
171            android:name="flutter_deeplinking_enabled"
172            android:value="true" />
173        <meta-data
174            android:name="com.google.firebase.messaging.default_notification_icon"
175            android:resource="@drawable/notification_icon" />
176        <meta-data
177            android:name="com.google.android.gms.ads.APPLICATION_ID"
178            android:value="ca-app-pub-2310773470120036~3763173896" />
179
180        <service
180-->[:firebase_messaging] AndroidManifest.xml:16:9-19:72
181            android:name="io.flutter.plugins.firebase.messaging.FlutterFirebaseMessagingBackgroundService"
181-->[:firebase_messaging] AndroidManifest.xml:17:13-107
182            android:exported="false"
182-->[:firebase_messaging] AndroidManifest.xml:18:13-37
183            android:permission="android.permission.BIND_JOB_SERVICE" />
183-->[:firebase_messaging] AndroidManifest.xml:19:13-69
184        <service
184-->[:firebase_messaging] AndroidManifest.xml:20:9-26:19
185            android:name="io.flutter.plugins.firebase.messaging.FlutterFirebaseMessagingService"
185-->[:firebase_messaging] AndroidManifest.xml:21:13-97
186            android:exported="false" >
186-->[:firebase_messaging] AndroidManifest.xml:22:13-37
187            <intent-filter>
187-->[:firebase_messaging] AndroidManifest.xml:23:13-25:29
188                <action android:name="com.google.firebase.MESSAGING_EVENT" />
188-->[:firebase_messaging] AndroidManifest.xml:24:17-78
188-->[:firebase_messaging] AndroidManifest.xml:24:25-75
189            </intent-filter>
190        </service>
191
192        <receiver
192-->[:firebase_messaging] AndroidManifest.xml:28:9-35:20
193            android:name="io.flutter.plugins.firebase.messaging.FlutterFirebaseMessagingReceiver"
193-->[:firebase_messaging] AndroidManifest.xml:29:13-98
194            android:exported="true"
194-->[:firebase_messaging] AndroidManifest.xml:30:13-36
195            android:permission="com.google.android.c2dm.permission.SEND" >
195-->[:firebase_messaging] AndroidManifest.xml:31:13-73
196            <intent-filter>
196-->[:firebase_messaging] AndroidManifest.xml:32:13-34:29
197                <action android:name="com.google.android.c2dm.intent.RECEIVE" />
197-->[:firebase_messaging] AndroidManifest.xml:33:17-81
197-->[:firebase_messaging] AndroidManifest.xml:33:25-78
198            </intent-filter>
199        </receiver>
200
201        <service
201-->[:firebase_messaging] AndroidManifest.xml:37:9-41:19
202            android:name="com.google.firebase.components.ComponentDiscoveryService"
202-->[:firebase_messaging] AndroidManifest.xml:37:18-89
203            android:directBootAware="true"
203-->[com.google.firebase:firebase-common:20.4.2] AndroidManifest.xml:32:13-43
204            android:exported="false" >
204-->[com.google.android.gms:play-services-measurement-api:21.5.0] AndroidManifest.xml:36:13-37
205            <meta-data
205-->[:firebase_messaging] AndroidManifest.xml:38:13-40:85
206                android:name="com.google.firebase.components:io.flutter.plugins.firebase.messaging.FlutterFirebaseAppRegistrar"
206-->[:firebase_messaging] AndroidManifest.xml:39:17-128
207                android:value="com.google.firebase.components.ComponentRegistrar" />
207-->[:firebase_messaging] AndroidManifest.xml:40:17-82
208            <meta-data
208-->[:firebase_dynamic_links] AndroidManifest.xml:13:13-15:85
209                android:name="com.google.firebase.components:io.flutter.plugins.firebase.dynamiclinks.FlutterFirebaseAppRegistrar"
209-->[:firebase_dynamic_links] AndroidManifest.xml:14:17-131
210                android:value="com.google.firebase.components.ComponentRegistrar" />
210-->[:firebase_dynamic_links] AndroidManifest.xml:15:17-82
211            <meta-data
211-->[:firebase_auth] AndroidManifest.xml:11:13-13:85
212                android:name="com.google.firebase.components:io.flutter.plugins.firebase.auth.FlutterFirebaseAuthRegistrar"
212-->[:firebase_auth] AndroidManifest.xml:12:17-124
213                android:value="com.google.firebase.components.ComponentRegistrar" />
213-->[:firebase_auth] AndroidManifest.xml:13:17-82
214            <meta-data
214-->[:firebase_core] AndroidManifest.xml:11:13-13:85
215                android:name="com.google.firebase.components:io.flutter.plugins.firebase.core.FlutterFirebaseCoreRegistrar"
215-->[:firebase_core] AndroidManifest.xml:12:17-124
216                android:value="com.google.firebase.components.ComponentRegistrar" />
216-->[:firebase_core] AndroidManifest.xml:13:17-82
217            <meta-data
217-->[com.google.android.gms:play-services-measurement-api:21.5.0] AndroidManifest.xml:37:13-39:85
218                android:name="com.google.firebase.components:com.google.firebase.analytics.connector.internal.AnalyticsConnectorRegistrar"
218-->[com.google.android.gms:play-services-measurement-api:21.5.0] AndroidManifest.xml:38:17-139
219                android:value="com.google.firebase.components.ComponentRegistrar" />
219-->[com.google.android.gms:play-services-measurement-api:21.5.0] AndroidManifest.xml:39:17-82
220            <meta-data
220-->[com.google.firebase:firebase-messaging:23.3.1] AndroidManifest.xml:57:13-59:85
221                android:name="com.google.firebase.components:com.google.firebase.messaging.FirebaseMessagingKtxRegistrar"
221-->[com.google.firebase:firebase-messaging:23.3.1] AndroidManifest.xml:58:17-122
222                android:value="com.google.firebase.components.ComponentRegistrar" />
222-->[com.google.firebase:firebase-messaging:23.3.1] AndroidManifest.xml:59:17-82
223            <meta-data
223-->[com.google.firebase:firebase-messaging:23.3.1] AndroidManifest.xml:60:13-62:85
224                android:name="com.google.firebase.components:com.google.firebase.messaging.FirebaseMessagingRegistrar"
224-->[com.google.firebase:firebase-messaging:23.3.1] AndroidManifest.xml:61:17-119
225                android:value="com.google.firebase.components.ComponentRegistrar" />
225-->[com.google.firebase:firebase-messaging:23.3.1] AndroidManifest.xml:62:17-82
226            <meta-data
226-->[com.google.firebase:firebase-dynamic-links:21.2.0] AndroidManifest.xml:24:13-26:85
227                android:name="com.google.firebase.components:com.google.firebase.dynamiclinks.FirebaseDynamicLinksKtxRegistrar"
227-->[com.google.firebase:firebase-dynamic-links:21.2.0] AndroidManifest.xml:25:17-128
228                android:value="com.google.firebase.components.ComponentRegistrar" />
228-->[com.google.firebase:firebase-dynamic-links:21.2.0] AndroidManifest.xml:26:17-82
229            <meta-data
229-->[com.google.firebase:firebase-dynamic-links:21.2.0] AndroidManifest.xml:27:13-29:85
230                android:name="com.google.firebase.components:com.google.firebase.dynamiclinks.internal.FirebaseDynamicLinkRegistrar"
230-->[com.google.firebase:firebase-dynamic-links:21.2.0] AndroidManifest.xml:28:17-133
231                android:value="com.google.firebase.components.ComponentRegistrar" />
231-->[com.google.firebase:firebase-dynamic-links:21.2.0] AndroidManifest.xml:29:17-82
232            <meta-data
232-->[com.google.firebase:firebase-auth:22.3.0] AndroidManifest.xml:69:13-71:85
233                android:name="com.google.firebase.components:com.google.firebase.auth.FirebaseAuthRegistrar"
233-->[com.google.firebase:firebase-auth:22.3.0] AndroidManifest.xml:70:17-109
234                android:value="com.google.firebase.components.ComponentRegistrar" />
234-->[com.google.firebase:firebase-auth:22.3.0] AndroidManifest.xml:71:17-82
235            <meta-data
235-->[com.google.firebase:firebase-iid:21.1.0] AndroidManifest.xml:32:13-34:85
236                android:name="com.google.firebase.components:com.google.firebase.iid.Registrar"
236-->[com.google.firebase:firebase-iid:21.1.0] AndroidManifest.xml:33:17-96
237                android:value="com.google.firebase.components.ComponentRegistrar" />
237-->[com.google.firebase:firebase-iid:21.1.0] AndroidManifest.xml:34:17-82
238            <meta-data
238-->[com.google.firebase:firebase-installations:17.2.0] AndroidManifest.xml:15:13-17:85
239                android:name="com.google.firebase.components:com.google.firebase.installations.FirebaseInstallationsKtxRegistrar"
239-->[com.google.firebase:firebase-installations:17.2.0] AndroidManifest.xml:16:17-130
240                android:value="com.google.firebase.components.ComponentRegistrar" />
240-->[com.google.firebase:firebase-installations:17.2.0] AndroidManifest.xml:17:17-82
241            <meta-data
241-->[com.google.firebase:firebase-installations:17.2.0] AndroidManifest.xml:18:13-20:85
242                android:name="com.google.firebase.components:com.google.firebase.installations.FirebaseInstallationsRegistrar"
242-->[com.google.firebase:firebase-installations:17.2.0] AndroidManifest.xml:19:17-127
243                android:value="com.google.firebase.components.ComponentRegistrar" />
243-->[com.google.firebase:firebase-installations:17.2.0] AndroidManifest.xml:20:17-82
244            <meta-data
244-->[com.google.firebase:firebase-common-ktx:20.4.2] AndroidManifest.xml:12:13-14:85
245                android:name="com.google.firebase.components:com.google.firebase.ktx.FirebaseCommonLegacyRegistrar"
245-->[com.google.firebase:firebase-common-ktx:20.4.2] AndroidManifest.xml:13:17-116
246                android:value="com.google.firebase.components.ComponentRegistrar" />
246-->[com.google.firebase:firebase-common-ktx:20.4.2] AndroidManifest.xml:14:17-82
247            <meta-data
247-->[com.google.firebase:firebase-common:20.4.2] AndroidManifest.xml:35:13-37:85
248                android:name="com.google.firebase.components:com.google.firebase.FirebaseCommonKtxRegistrar"
248-->[com.google.firebase:firebase-common:20.4.2] AndroidManifest.xml:36:17-109
249                android:value="com.google.firebase.components.ComponentRegistrar" />
249-->[com.google.firebase:firebase-common:20.4.2] AndroidManifest.xml:37:17-82
250            <meta-data
250-->[com.google.firebase:firebase-datatransport:18.1.7] AndroidManifest.xml:27:13-29:85
251                android:name="com.google.firebase.components:com.google.firebase.datatransport.TransportRegistrar"
251-->[com.google.firebase:firebase-datatransport:18.1.7] AndroidManifest.xml:28:17-115
252                android:value="com.google.firebase.components.ComponentRegistrar" />
252-->[com.google.firebase:firebase-datatransport:18.1.7] AndroidManifest.xml:29:17-82
253        </service>
254
255        <provider
255-->[:firebase_messaging] AndroidManifest.xml:43:9-47:38
256            android:name="io.flutter.plugins.firebase.messaging.FlutterFirebaseMessagingInitProvider"
256-->[:firebase_messaging] AndroidManifest.xml:44:13-102
257            android:authorities="com.sachkasath.flutterfirebasemessaginginitprovider"
257-->[:firebase_messaging] AndroidManifest.xml:45:13-88
258            android:exported="false"
258-->[:firebase_messaging] AndroidManifest.xml:46:13-37
259            android:initOrder="99" />
259-->[:firebase_messaging] AndroidManifest.xml:47:13-35
260
261        <receiver
261-->[:flutter_local_notifications] AndroidManifest.xml:16:9-18:40
262            android:name="com.dexterous.flutterlocalnotifications.ActionBroadcastReceiver"
262-->[:flutter_local_notifications] AndroidManifest.xml:17:13-91
263            android:exported="false" />
263-->[:flutter_local_notifications] AndroidManifest.xml:18:13-37
264        <receiver
264-->[:flutter_local_notifications] AndroidManifest.xml:19:9-21:40
265            android:name="com.dexterous.flutterlocalnotifications.ScheduledNotificationReceiver"
265-->[:flutter_local_notifications] AndroidManifest.xml:20:13-97
266            android:exported="false" />
266-->[:flutter_local_notifications] AndroidManifest.xml:21:13-37
267        <receiver
267-->[:flutter_local_notifications] AndroidManifest.xml:22:9-31:20
268            android:name="com.dexterous.flutterlocalnotifications.ScheduledNotificationBootReceiver"
268-->[:flutter_local_notifications] AndroidManifest.xml:23:13-101
269            android:exported="false" >
269-->[:flutter_local_notifications] AndroidManifest.xml:24:13-37
270            <intent-filter>
270-->[:flutter_local_notifications] AndroidManifest.xml:25:13-30:29
271                <action android:name="android.intent.action.BOOT_COMPLETED" />
271-->[:flutter_local_notifications] AndroidManifest.xml:26:17-79
271-->[:flutter_local_notifications] AndroidManifest.xml:26:25-76
272                <action android:name="android.intent.action.MY_PACKAGE_REPLACED" />
272-->[:flutter_local_notifications] AndroidManifest.xml:27:17-84
272-->[:flutter_local_notifications] AndroidManifest.xml:27:25-81
273                <action android:name="android.intent.action.QUICKBOOT_POWERON" />
273-->[:flutter_local_notifications] AndroidManifest.xml:28:17-82
273-->[:flutter_local_notifications] AndroidManifest.xml:28:25-79
274                <action android:name="com.htc.intent.action.QUICKBOOT_POWERON" />
274-->[:flutter_local_notifications] AndroidManifest.xml:29:17-82
274-->[:flutter_local_notifications] AndroidManifest.xml:29:25-79
275            </intent-filter>
276        </receiver>
277
278        <activity
278-->[:flutter_inappwebview] AndroidManifest.xml:16:9-20:47
279            android:name="com.pichillilorenzo.flutter_inappwebview.in_app_browser.InAppBrowserActivity"
279-->[:flutter_inappwebview] AndroidManifest.xml:17:13-104
280            android:configChanges="orientation|keyboardHidden|keyboard|screenSize|locale|layoutDirection|fontScale|screenLayout|density"
280-->[:flutter_inappwebview] AndroidManifest.xml:18:13-137
281            android:exported="false"
281-->[:flutter_inappwebview] AndroidManifest.xml:19:13-37
282            android:theme="@style/AppTheme" />
282-->[:flutter_inappwebview] AndroidManifest.xml:20:13-44
283        <activity
283-->[:flutter_inappwebview] AndroidManifest.xml:21:9-24:55
284            android:name="com.pichillilorenzo.flutter_inappwebview.chrome_custom_tabs.ChromeCustomTabsActivity"
284-->[:flutter_inappwebview] AndroidManifest.xml:22:13-112
285            android:exported="false"
285-->[:flutter_inappwebview] AndroidManifest.xml:23:13-37
286            android:theme="@style/ThemeTransparent" />
286-->[:flutter_inappwebview] AndroidManifest.xml:24:13-52
287        <activity
287-->[:flutter_inappwebview] AndroidManifest.xml:25:9-28:55
288            android:name="com.pichillilorenzo.flutter_inappwebview.chrome_custom_tabs.TrustedWebActivity"
288-->[:flutter_inappwebview] AndroidManifest.xml:26:13-106
289            android:exported="false"
289-->[:flutter_inappwebview] AndroidManifest.xml:27:13-37
290            android:theme="@style/ThemeTransparent" />
290-->[:flutter_inappwebview] AndroidManifest.xml:28:13-52
291        <activity
291-->[:flutter_inappwebview] AndroidManifest.xml:29:9-33:55
292            android:name="com.pichillilorenzo.flutter_inappwebview.chrome_custom_tabs.ChromeCustomTabsActivitySingleInstance"
292-->[:flutter_inappwebview] AndroidManifest.xml:30:13-126
293            android:exported="false"
293-->[:flutter_inappwebview] AndroidManifest.xml:31:13-37
294            android:launchMode="singleInstance"
294-->[:flutter_inappwebview] AndroidManifest.xml:32:13-48
295            android:theme="@style/ThemeTransparent" />